Printing Results for CQR_mat :
Maximal run-times : [0.09487082 0.10155186 0.10544162 0.1070798  0.10426587]
Final Q Condition Number : 1.0000000000000027
Final Error on Norm : 4.1533019674114384e-15
Printing Results for CGS_mat :
Maximal run-times : [1.51674567 0.37308416 0.38545856 0.40150571 0.32869938]
Final Q Condition Number : 1.0000000000000036
Final Error on Norm : 3.2869227556075354e-15
Printing Results for CGS_sing_mat :
Maximal run-times : [1.10145276 0.28588815 0.27948203 0.27958061 0.28237225]
Final Q Condition Number : 7406936948378390.0
Final Error on Norm : 199.28301787413113
Printing Results for TSQR_mat :
Maximal run-times : [1.02865826 2.43035718 2.43646361 2.45215134 2.41198468]
Final Q Condition Number : 1.0000000000000033
Final Error on Norm : 6.564406524990954e-15
Printing Results for TSQR_sing_mat :
Maximal run-times : [2.9625622  1.80853398 1.82825634 1.84669619 1.8434058 ]
Final Q Condition Number : 1.0000000000000042
Final Error on Norm : 1.1947908790332628e-14
