Printing Results for CQR_mat :
Maximal run-times : [0.10231243 0.11731722 0.11440377 0.11425193 0.11167079 0.11423992
 0.11286625 0.11270426 0.11139286 0.11293185]
Final Q Condition Number : 1.0000000000000027
Final Error on Norm : 4.1533019674114384e-15
Printing Results for CGS_mat :
Maximal run-times : [0.93853898 0.17226538 0.16030247 0.15978433 0.15887218 0.16015509
 0.15910773 0.15842248 0.15861325 0.17749891]
Final Q Condition Number : 1.0000000000000036
Final Error on Norm : 3.2869227556075354e-15
Printing Results for CGS_sing_mat :
Maximal run-times : [0.90102151 0.16375108 0.15889271 0.15986569 0.15867542 0.158553
 0.15878473 0.15929379 0.15887376 0.16332928]
Final Q Condition Number : 5437886257792865.0
Final Error on Norm : 187.56497761407888
Printing Results for TSQR_mat :
Maximal run-times : [0.91863675 4.67415682 4.6792562  4.6670389  4.67229024 4.67265568
 4.67512507 4.67631638 4.65605685 4.67910957]
Final Q Condition Number : 1.000000000000003
Final Error on Norm : 6.567218177944394e-15
Printing Results for TSQR_sing_mat :
Maximal run-times : [5.40935336 4.66542845 4.67284022 4.67521978 4.66878812 4.6743977
 4.66549639 4.6699126  4.68299842 4.6842232 ]
Final Q Condition Number : 1.0000000000000036
Final Error on Norm : 1.3358594647577596e-14
