Printing Results for CQR_mat :
Maximal run-times : [0.13204795 0.12963538 0.1317265  0.12991918 0.13204436]
Final Q Condition Number : 1.000000000000003
Final Error on Norm : 4.161025576494901e-15
Printing Results for CGS_mat :
Maximal run-times : [0.82699962 0.10659084 0.07452248 0.07391961 0.07440939]
Final Q Condition Number : 1.0000000000000029
Final Error on Norm : 3.2715909255257314e-15
Printing Results for CGS_sing_mat :
Maximal run-times : [0.80901119 0.08242    0.07450704 0.07437672 0.07569553]
Final Q Condition Number : 2988283962660657.0
Final Error on Norm : 180.20890536373676
Printing Results for TSQR_mat :
Maximal run-times : [0.93159293 9.20292892 9.24604189 9.23844478 9.24764068]
Final Q Condition Number : 1.0000000000000036
Final Error on Norm : 6.593293250863628e-15
Printing Results for TSQR_sing_mat :
Maximal run-times : [10.00064744  9.25670042  9.24314816  9.25975702  9.24977644]
Final Q Condition Number : 1.0000000000000038
Final Error on Norm : 1.3414997372031897e-14
