Printing Results for CQR_mat :
Maximal run-times : [0.18996116 0.10272831 0.10204204 0.10252875 0.10314828 0.10222004]
Final Q Condition Number : 1.0000000000000027
Final Error on Norm : 4.1533019674114384e-15
Printing Results for CGS_mat :
Maximal run-times : [1.19175115 0.48532579 0.45964345 0.47079965 0.46537296 0.46307262]
Final Q Condition Number : 1.0000000000000036
Final Error on Norm : 3.2869227556075354e-15
Printing Results for CGS_sing_mat :
Maximal run-times : [1.15867077 0.47637124 0.45609092 0.45764834 0.50491911 0.52376274]
Final Q Condition Number : 1.1196356318175998e+16
Final Error on Norm : 182.32099588588403
Printing Results for TSQR_mat :
Maximal run-times : [0.14876094 0.14513787 0.13555356 0.13158266 0.13840476 0.14383456]
Final Q Condition Number : 1.0000000000000036
Final Error on Norm : 6.575558585804999e-15
Printing Results for TSQR_sing_mat :
Maximal run-times : [0.19523955 0.19795918 0.197483   0.19790911 0.19961528 0.19416675]
Final Q Condition Number : 1.0000000000000033
Final Error on Norm : 9.688604563436606e-15
